-------------------------------------------------------------------------------
Test set: com.kdu.smartHome.SmartHomeApplicationTests
-------------------------------------------------------------------------------
Tests run: 26, Failures: 0, Errors: 26, Skipped: 0, Time elapsed: 9.267 s <<< FAILURE! - in com.kdu.smartHome.SmartHomeApplicationTests
runAuthTests  Time elapsed: 0.003 s  <<< ERROR!
java.lang.IllegalStateException: Failed to load ApplicationContext
Caused by: org.springframework.beans.factory.BeanCreationException: Error creating bean with name 'userRepository' defined in com.kdu.smartHome.dao.UserRepository defined in @EnableJpaRepositories declared on JpaRepositoriesRegistrar.EnableJpaRepositoriesConfiguration: Invocation of init method failed; nested exception is org.springframework.data.repository.query.QueryCreationException: Could not create query for public abstract java.util.Optional com.kdu.smartHome.dao.UserRepository.findByUsernameId(java.lang.String); Reason: Failed to create query for method public abstract java.util.Optional com.kdu.smartHome.dao.UserRepository.findByUsernameId(java.lang.String)! No property 'id' found for type 'String'; Traversed path: User.username; nested exception is java.lang.IllegalArgumentException: Failed to create query for method public abstract java.util.Optional com.kdu.smartHome.dao.UserRepository.findByUsernameId(java.lang.String)! No property 'id' found for type 'String'; Traversed path: User.username
Caused by: org.springframework.data.repository.query.QueryCreationException: Could not create query for public abstract java.util.Optional com.kdu.smartHome.dao.UserRepository.findByUsernameId(java.lang.String); Reason: Failed to create query for method public abstract java.util.Optional com.kdu.smartHome.dao.UserRepository.findByUsernameId(java.lang.String)! No property 'id' found for type 'String'; Traversed path: User.username; nested exception is java.lang.IllegalArgumentException: Failed to create query for method public abstract java.util.Optional com.kdu.smartHome.dao.UserRepository.findByUsernameId(java.lang.String)! No property 'id' found for type 'String'; Traversed path: User.username
Caused by: java.lang.IllegalArgumentException: Failed to create query for method public abstract java.util.Optional com.kdu.smartHome.dao.UserRepository.findByUsernameId(java.lang.String)! No property 'id' found for type 'String'; Traversed path: User.username
Caused by: org.springframework.data.mapping.PropertyReferenceException: No property 'id' found for type 'String'; Traversed path: User.username

houseRegisterWithInvalidAuth  Time elapsed: 0.001 s  <<< ERROR!
java.lang.IllegalStateException: Failed to load ApplicationContext
Caused by: org.springframework.beans.factory.BeanCreationException: Error creating bean with name 'userRepository' defined in com.kdu.smartHome.dao.UserRepository defined in @EnableJpaRepositories declared on JpaRepositoriesRegistrar.EnableJpaRepositoriesConfiguration: Invocation of init method failed; nested exception is org.springframework.data.repository.query.QueryCreationException: Could not create query for public abstract java.util.Optional com.kdu.smartHome.dao.UserRepository.findByUsernameId(java.lang.String); Reason: Failed to create query for method public abstract java.util.Optional com.kdu.smartHome.dao.UserRepository.findByUsernameId(java.lang.String)! No property 'id' found for type 'String'; Traversed path: User.username; nested exception is java.lang.IllegalArgumentException: Failed to create query for method public abstract java.util.Optional com.kdu.smartHome.dao.UserRepository.findByUsernameId(java.lang.String)! No property 'id' found for type 'String'; Traversed path: User.username
Caused by: org.springframework.data.repository.query.QueryCreationException: Could not create query for public abstract java.util.Optional com.kdu.smartHome.dao.UserRepository.findByUsernameId(java.lang.String); Reason: Failed to create query for method public abstract java.util.Optional com.kdu.smartHome.dao.UserRepository.findByUsernameId(java.lang.String)! No property 'id' found for type 'String'; Traversed path: User.username; nested exception is java.lang.IllegalArgumentException: Failed to create query for method public abstract java.util.Optional com.kdu.smartHome.dao.UserRepository.findByUsernameId(java.lang.String)! No property 'id' found for type 'String'; Traversed path: User.username
Caused by: java.lang.IllegalArgumentException: Failed to create query for method public abstract java.util.Optional com.kdu.smartHome.dao.UserRepository.findByUsernameId(java.lang.String)! No property 'id' found for type 'String'; Traversed path: User.username
Caused by: org.springframework.data.mapping.PropertyReferenceException: No property 'id' found for type 'String'; Traversed path: User.username

houseRegisterWithValidRequestData  Time elapsed: 0 s  <<< ERROR!
java.lang.IllegalStateException: Failed to load ApplicationContext
Caused by: org.springframework.beans.factory.BeanCreationException: Error creating bean with name 'userRepository' defined in com.kdu.smartHome.dao.UserRepository defined in @EnableJpaRepositories declared on JpaRepositoriesRegistrar.EnableJpaRepositoriesConfiguration: Invocation of init method failed; nested exception is org.springframework.data.repository.query.QueryCreationException: Could not create query for public abstract java.util.Optional com.kdu.smartHome.dao.UserRepository.findByUsernameId(java.lang.String); Reason: Failed to create query for method public abstract java.util.Optional com.kdu.smartHome.dao.UserRepository.findByUsernameId(java.lang.String)! No property 'id' found for type 'String'; Traversed path: User.username; nested exception is java.lang.IllegalArgumentException: Failed to create query for method public abstract java.util.Optional com.kdu.smartHome.dao.UserRepository.findByUsernameId(java.lang.String)! No property 'id' found for type 'String'; Traversed path: User.username
Caused by: org.springframework.data.repository.query.QueryCreationException: Could not create query for public abstract java.util.Optional com.kdu.smartHome.dao.UserRepository.findByUsernameId(java.lang.String); Reason: Failed to create query for method public abstract java.util.Optional com.kdu.smartHome.dao.UserRepository.findByUsernameId(java.lang.String)! No property 'id' found for type 'String'; Traversed path: User.username; nested exception is java.lang.IllegalArgumentException: Failed to create query for method public abstract java.util.Optional com.kdu.smartHome.dao.UserRepository.findByUsernameId(java.lang.String)! No property 'id' found for type 'String'; Traversed path: User.username
Caused by: java.lang.IllegalArgumentException: Failed to create query for method public abstract java.util.Optional com.kdu.smartHome.dao.UserRepository.findByUsernameId(java.lang.String)! No property 'id' found for type 'String'; Traversed path: User.username
Caused by: org.springframework.data.mapping.PropertyReferenceException: No property 'id' found for type 'String'; Traversed path: User.username

addUnregisteredUserToHouseByAdmin  Time elapsed: 0 s  <<< ERROR!
java.lang.IllegalStateException: Failed to load ApplicationContext
Caused by: org.springframework.beans.factory.BeanCreationException: Error creating bean with name 'userRepository' defined in com.kdu.smartHome.dao.UserRepository defined in @EnableJpaRepositories declared on JpaRepositoriesRegistrar.EnableJpaRepositoriesConfiguration: Invocation of init method failed; nested exception is org.springframework.data.repository.query.QueryCreationException: Could not create query for public abstract java.util.Optional com.kdu.smartHome.dao.UserRepository.findByUsernameId(java.lang.String); Reason: Failed to create query for method public abstract java.util.Optional com.kdu.smartHome.dao.UserRepository.findByUsernameId(java.lang.String)! No property 'id' found for type 'String'; Traversed path: User.username; nested exception is java.lang.IllegalArgumentException: Failed to create query for method public abstract java.util.Optional com.kdu.smartHome.dao.UserRepository.findByUsernameId(java.lang.String)! No property 'id' found for type 'String'; Traversed path: User.username
Caused by: org.springframework.data.repository.query.QueryCreationException: Could not create query for public abstract java.util.Optional com.kdu.smartHome.dao.UserRepository.findByUsernameId(java.lang.String); Reason: Failed to create query for method public abstract java.util.Optional com.kdu.smartHome.dao.UserRepository.findByUsernameId(java.lang.String)! No property 'id' found for type 'String'; Traversed path: User.username; nested exception is java.lang.IllegalArgumentException: Failed to create query for method public abstract java.util.Optional com.kdu.smartHome.dao.UserRepository.findByUsernameId(java.lang.String)! No property 'id' found for type 'String'; Traversed path: User.username
Caused by: java.lang.IllegalArgumentException: Failed to create query for method public abstract java.util.Optional com.kdu.smartHome.dao.UserRepository.findByUsernameId(java.lang.String)! No property 'id' found for type 'String'; Traversed path: User.username
Caused by: org.springframework.data.mapping.PropertyReferenceException: No property 'id' found for type 'String'; Traversed path: User.username

addUserToHouseByNonAdmin  Time elapsed: 0 s  <<< ERROR!
java.lang.IllegalStateException: Failed to load ApplicationContext
Caused by: org.springframework.beans.factory.BeanCreationException: Error creating bean with name 'userRepository' defined in com.kdu.smartHome.dao.UserRepository defined in @EnableJpaRepositories declared on JpaRepositoriesRegistrar.EnableJpaRepositoriesConfiguration: Invocation of init method failed; nested exception is org.springframework.data.repository.query.QueryCreationException: Could not create query for public abstract java.util.Optional com.kdu.smartHome.dao.UserRepository.findByUsernameId(java.lang.String); Reason: Failed to create query for method public abstract java.util.Optional com.kdu.smartHome.dao.UserRepository.findByUsernameId(java.lang.String)! No property 'id' found for type 'String'; Traversed path: User.username; nested exception is java.lang.IllegalArgumentException: Failed to create query for method public abstract java.util.Optional com.kdu.smartHome.dao.UserRepository.findByUsernameId(java.lang.String)! No property 'id' found for type 'String'; Traversed path: User.username
Caused by: org.springframework.data.repository.query.QueryCreationException: Could not create query for public abstract java.util.Optional com.kdu.smartHome.dao.UserRepository.findByUsernameId(java.lang.String); Reason: Failed to create query for method public abstract java.util.Optional com.kdu.smartHome.dao.UserRepository.findByUsernameId(java.lang.String)! No property 'id' found for type 'String'; Traversed path: User.username; nested exception is java.lang.IllegalArgumentException: Failed to create query for method public abstract java.util.Optional com.kdu.smartHome.dao.UserRepository.findByUsernameId(java.lang.String)! No property 'id' found for type 'String'; Traversed path: User.username
Caused by: java.lang.IllegalArgumentException: Failed to create query for method public abstract java.util.Optional com.kdu.smartHome.dao.UserRepository.findByUsernameId(java.lang.String)! No property 'id' found for type 'String'; Traversed path: User.username
Caused by: org.springframework.data.mapping.PropertyReferenceException: No property 'id' found for type 'String'; Traversed path: User.username

addUserToHouseByAdmin  Time elapsed: 0 s  <<< ERROR!
java.lang.IllegalStateException: Failed to load ApplicationContext
Caused by: org.springframework.beans.factory.BeanCreationException: Error creating bean with name 'userRepository' defined in com.kdu.smartHome.dao.UserRepository defined in @EnableJpaRepositories declared on JpaRepositoriesRegistrar.EnableJpaRepositoriesConfiguration: Invocation of init method failed; nested exception is org.springframework.data.repository.query.QueryCreationException: Could not create query for public abstract java.util.Optional com.kdu.smartHome.dao.UserRepository.findByUsernameId(java.lang.String); Reason: Failed to create query for method public abstract java.util.Optional com.kdu.smartHome.dao.UserRepository.findByUsernameId(java.lang.String)! No property 'id' found for type 'String'; Traversed path: User.username; nested exception is java.lang.IllegalArgumentException: Failed to create query for method public abstract java.util.Optional com.kdu.smartHome.dao.UserRepository.findByUsernameId(java.lang.String)! No property 'id' found for type 'String'; Traversed path: User.username
Caused by: org.springframework.data.repository.query.QueryCreationException: Could not create query for public abstract java.util.Optional com.kdu.smartHome.dao.UserRepository.findByUsernameId(java.lang.String); Reason: Failed to create query for method public abstract java.util.Optional com.kdu.smartHome.dao.UserRepository.findByUsernameId(java.lang.String)! No property 'id' found for type 'String'; Traversed path: User.username; nested exception is java.lang.IllegalArgumentException: Failed to create query for method public abstract java.util.Optional com.kdu.smartHome.dao.UserRepository.findByUsernameId(java.lang.String)! No property 'id' found for type 'String'; Traversed path: User.username
Caused by: java.lang.IllegalArgumentException: Failed to create query for method public abstract java.util.Optional com.kdu.smartHome.dao.UserRepository.findByUsernameId(java.lang.String)! No property 'id' found for type 'String'; Traversed path: User.username
Caused by: org.springframework.data.mapping.PropertyReferenceException: No property 'id' found for type 'String'; Traversed path: User.username

addRoomWithInvalidAuth  Time elapsed: 0 s  <<< ERROR!
java.lang.IllegalStateException: Failed to load ApplicationContext
Caused by: org.springframework.beans.factory.BeanCreationException: Error creating bean with name 'userRepository' defined in com.kdu.smartHome.dao.UserRepository defined in @EnableJpaRepositories declared on JpaRepositoriesRegistrar.EnableJpaRepositoriesConfiguration: Invocation of init method failed; nested exception is org.springframework.data.repository.query.QueryCreationException: Could not create query for public abstract java.util.Optional com.kdu.smartHome.dao.UserRepository.findByUsernameId(java.lang.String); Reason: Failed to create query for method public abstract java.util.Optional com.kdu.smartHome.dao.UserRepository.findByUsernameId(java.lang.String)! No property 'id' found for type 'String'; Traversed path: User.username; nested exception is java.lang.IllegalArgumentException: Failed to create query for method public abstract java.util.Optional com.kdu.smartHome.dao.UserRepository.findByUsernameId(java.lang.String)! No property 'id' found for type 'String'; Traversed path: User.username
Caused by: org.springframework.data.repository.query.QueryCreationException: Could not create query for public abstract java.util.Optional com.kdu.smartHome.dao.UserRepository.findByUsernameId(java.lang.String); Reason: Failed to create query for method public abstract java.util.Optional com.kdu.smartHome.dao.UserRepository.findByUsernameId(java.lang.String)! No property 'id' found for type 'String'; Traversed path: User.username; nested exception is java.lang.IllegalArgumentException: Failed to create query for method public abstract java.util.Optional com.kdu.smartHome.dao.UserRepository.findByUsernameId(java.lang.String)! No property 'id' found for type 'String'; Traversed path: User.username
Caused by: java.lang.IllegalArgumentException: Failed to create query for method public abstract java.util.Optional com.kdu.smartHome.dao.UserRepository.findByUsernameId(java.lang.String)! No property 'id' found for type 'String'; Traversed path: User.username
Caused by: org.springframework.data.mapping.PropertyReferenceException: No property 'id' found for type 'String'; Traversed path: User.username

addRoomByAdmin  Time elapsed: 0 s  <<< ERROR!
java.lang.IllegalStateException: Failed to load ApplicationContext
Caused by: org.springframework.beans.factory.BeanCreationException: Error creating bean with name 'userRepository' defined in com.kdu.smartHome.dao.UserRepository defined in @EnableJpaRepositories declared on JpaRepositoriesRegistrar.EnableJpaRepositoriesConfiguration: Invocation of init method failed; nested exception is org.springframework.data.repository.query.QueryCreationException: Could not create query for public abstract java.util.Optional com.kdu.smartHome.dao.UserRepository.findByUsernameId(java.lang.String); Reason: Failed to create query for method public abstract java.util.Optional com.kdu.smartHome.dao.UserRepository.findByUsernameId(java.lang.String)! No property 'id' found for type 'String'; Traversed path: User.username; nested exception is java.lang.IllegalArgumentException: Failed to create query for method public abstract java.util.Optional com.kdu.smartHome.dao.UserRepository.findByUsernameId(java.lang.String)! No property 'id' found for type 'String'; Traversed path: User.username
Caused by: org.springframework.data.repository.query.QueryCreationException: Could not create query for public abstract java.util.Optional com.kdu.smartHome.dao.UserRepository.findByUsernameId(java.lang.String); Reason: Failed to create query for method public abstract java.util.Optional com.kdu.smartHome.dao.UserRepository.findByUsernameId(java.lang.String)! No property 'id' found for type 'String'; Traversed path: User.username; nested exception is java.lang.IllegalArgumentException: Failed to create query for method public abstract java.util.Optional com.kdu.smartHome.dao.UserRepository.findByUsernameId(java.lang.String)! No property 'id' found for type 'String'; Traversed path: User.username
Caused by: java.lang.IllegalArgumentException: Failed to create query for method public abstract java.util.Optional com.kdu.smartHome.dao.UserRepository.findByUsernameId(java.lang.String)! No property 'id' found for type 'String'; Traversed path: User.username
Caused by: org.springframework.data.mapping.PropertyReferenceException: No property 'id' found for type 'String'; Traversed path: User.username

addRoomForInvalidHouse  Time elapsed: 0 s  <<< ERROR!
java.lang.IllegalStateException: Failed to load ApplicationContext
Caused by: org.springframework.beans.factory.BeanCreationException: Error creating bean with name 'userRepository' defined in com.kdu.smartHome.dao.UserRepository defined in @EnableJpaRepositories declared on JpaRepositoriesRegistrar.EnableJpaRepositoriesConfiguration: Invocation of init method failed; nested exception is org.springframework.data.repository.query.QueryCreationException: Could not create query for public abstract java.util.Optional com.kdu.smartHome.dao.UserRepository.findByUsernameId(java.lang.String); Reason: Failed to create query for method public abstract java.util.Optional com.kdu.smartHome.dao.UserRepository.findByUsernameId(java.lang.String)! No property 'id' found for type 'String'; Traversed path: User.username; nested exception is java.lang.IllegalArgumentException: Failed to create query for method public abstract java.util.Optional com.kdu.smartHome.dao.UserRepository.findByUsernameId(java.lang.String)! No property 'id' found for type 'String'; Traversed path: User.username
Caused by: org.springframework.data.repository.query.QueryCreationException: Could not create query for public abstract java.util.Optional com.kdu.smartHome.dao.UserRepository.findByUsernameId(java.lang.String); Reason: Failed to create query for method public abstract java.util.Optional com.kdu.smartHome.dao.UserRepository.findByUsernameId(java.lang.String)! No property 'id' found for type 'String'; Traversed path: User.username; nested exception is java.lang.IllegalArgumentException: Failed to create query for method public abstract java.util.Optional com.kdu.smartHome.dao.UserRepository.findByUsernameId(java.lang.String)! No property 'id' found for type 'String'; Traversed path: User.username
Caused by: java.lang.IllegalArgumentException: Failed to create query for method public abstract java.util.Optional com.kdu.smartHome.dao.UserRepository.findByUsernameId(java.lang.String)! No property 'id' found for type 'String'; Traversed path: User.username
Caused by: org.springframework.data.mapping.PropertyReferenceException: No property 'id' found for type 'String'; Traversed path: User.username

displayAllHouses  Time elapsed: 0 s  <<< ERROR!
java.lang.IllegalStateException: Failed to load ApplicationContext
Caused by: org.springframework.beans.factory.BeanCreationException: Error creating bean with name 'userRepository' defined in com.kdu.smartHome.dao.UserRepository defined in @EnableJpaRepositories declared on JpaRepositoriesRegistrar.EnableJpaRepositoriesConfiguration: Invocation of init method failed; nested exception is org.springframework.data.repository.query.QueryCreationException: Could not create query for public abstract java.util.Optional com.kdu.smartHome.dao.UserRepository.findByUsernameId(java.lang.String); Reason: Failed to create query for method public abstract java.util.Optional com.kdu.smartHome.dao.UserRepository.findByUsernameId(java.lang.String)! No property 'id' found for type 'String'; Traversed path: User.username; nested exception is java.lang.IllegalArgumentException: Failed to create query for method public abstract java.util.Optional com.kdu.smartHome.dao.UserRepository.findByUsernameId(java.lang.String)! No property 'id' found for type 'String'; Traversed path: User.username
Caused by: org.springframework.data.repository.query.QueryCreationException: Could not create query for public abstract java.util.Optional com.kdu.smartHome.dao.UserRepository.findByUsernameId(java.lang.String); Reason: Failed to create query for method public abstract java.util.Optional com.kdu.smartHome.dao.UserRepository.findByUsernameId(java.lang.String)! No property 'id' found for type 'String'; Traversed path: User.username; nested exception is java.lang.IllegalArgumentException: Failed to create query for method public abstract java.util.Optional com.kdu.smartHome.dao.UserRepository.findByUsernameId(java.lang.String)! No property 'id' found for type 'String'; Traversed path: User.username
Caused by: java.lang.IllegalArgumentException: Failed to create query for method public abstract java.util.Optional com.kdu.smartHome.dao.UserRepository.findByUsernameId(java.lang.String)! No property 'id' found for type 'String'; Traversed path: User.username
Caused by: org.springframework.data.mapping.PropertyReferenceException: No property 'id' found for type 'String'; Traversed path: User.username

displayAllHousesWithInvalidAuth  Time elapsed: 0 s  <<< ERROR!
java.lang.IllegalStateException: Failed to load ApplicationContext
Caused by: org.springframework.beans.factory.BeanCreationException: Error creating bean with name 'userRepository' defined in com.kdu.smartHome.dao.UserRepository defined in @EnableJpaRepositories declared on JpaRepositoriesRegistrar.EnableJpaRepositoriesConfiguration: Invocation of init method failed; nested exception is org.springframework.data.repository.query.QueryCreationException: Could not create query for public abstract java.util.Optional com.kdu.smartHome.dao.UserRepository.findByUsernameId(java.lang.String); Reason: Failed to create query for method public abstract java.util.Optional com.kdu.smartHome.dao.UserRepository.findByUsernameId(java.lang.String)! No property 'id' found for type 'String'; Traversed path: User.username; nested exception is java.lang.IllegalArgumentException: Failed to create query for method public abstract java.util.Optional com.kdu.smartHome.dao.UserRepository.findByUsernameId(java.lang.String)! No property 'id' found for type 'String'; Traversed path: User.username
Caused by: org.springframework.data.repository.query.QueryCreationException: Could not create query for public abstract java.util.Optional com.kdu.smartHome.dao.UserRepository.findByUsernameId(java.lang.String); Reason: Failed to create query for method public abstract java.util.Optional com.kdu.smartHome.dao.UserRepository.findByUsernameId(java.lang.String)! No property 'id' found for type 'String'; Traversed path: User.username; nested exception is java.lang.IllegalArgumentException: Failed to create query for method public abstract java.util.Optional com.kdu.smartHome.dao.UserRepository.findByUsernameId(java.lang.String)! No property 'id' found for type 'String'; Traversed path: User.username
Caused by: java.lang.IllegalArgumentException: Failed to create query for method public abstract java.util.Optional com.kdu.smartHome.dao.UserRepository.findByUsernameId(java.lang.String)! No property 'id' found for type 'String'; Traversed path: User.username
Caused by: org.springframework.data.mapping.PropertyReferenceException: No property 'id' found for type 'String'; Traversed path: User.username

displayAllHousesByNonAdmin  Time elapsed: 0.001 s  <<< ERROR!
java.lang.IllegalStateException: Failed to load ApplicationContext
Caused by: org.springframework.beans.factory.BeanCreationException: Error creating bean with name 'userRepository' defined in com.kdu.smartHome.dao.UserRepository defined in @EnableJpaRepositories declared on JpaRepositoriesRegistrar.EnableJpaRepositoriesConfiguration: Invocation of init method failed; nested exception is org.springframework.data.repository.query.QueryCreationException: Could not create query for public abstract java.util.Optional com.kdu.smartHome.dao.UserRepository.findByUsernameId(java.lang.String); Reason: Failed to create query for method public abstract java.util.Optional com.kdu.smartHome.dao.UserRepository.findByUsernameId(java.lang.String)! No property 'id' found for type 'String'; Traversed path: User.username; nested exception is java.lang.IllegalArgumentException: Failed to create query for method public abstract java.util.Optional com.kdu.smartHome.dao.UserRepository.findByUsernameId(java.lang.String)! No property 'id' found for type 'String'; Traversed path: User.username
Caused by: org.springframework.data.repository.query.QueryCreationException: Could not create query for public abstract java.util.Optional com.kdu.smartHome.dao.UserRepository.findByUsernameId(java.lang.String); Reason: Failed to create query for method public abstract java.util.Optional com.kdu.smartHome.dao.UserRepository.findByUsernameId(java.lang.String)! No property 'id' found for type 'String'; Traversed path: User.username; nested exception is java.lang.IllegalArgumentException: Failed to create query for method public abstract java.util.Optional com.kdu.smartHome.dao.UserRepository.findByUsernameId(java.lang.String)! No property 'id' found for type 'String'; Traversed path: User.username
Caused by: java.lang.IllegalArgumentException: Failed to create query for method public abstract java.util.Optional com.kdu.smartHome.dao.UserRepository.findByUsernameId(java.lang.String)! No property 'id' found for type 'String'; Traversed path: User.username
Caused by: org.springframework.data.mapping.PropertyReferenceException: No property 'id' found for type 'String'; Traversed path: User.username

updateAddressForHouse  Time elapsed: 0 s  <<< ERROR!
java.lang.IllegalStateException: Failed to load ApplicationContext
Caused by: org.springframework.beans.factory.BeanCreationException: Error creating bean with name 'userRepository' defined in com.kdu.smartHome.dao.UserRepository defined in @EnableJpaRepositories declared on JpaRepositoriesRegistrar.EnableJpaRepositoriesConfiguration: Invocation of init method failed; nested exception is org.springframework.data.repository.query.QueryCreationException: Could not create query for public abstract java.util.Optional com.kdu.smartHome.dao.UserRepository.findByUsernameId(java.lang.String); Reason: Failed to create query for method public abstract java.util.Optional com.kdu.smartHome.dao.UserRepository.findByUsernameId(java.lang.String)! No property 'id' found for type 'String'; Traversed path: User.username; nested exception is java.lang.IllegalArgumentException: Failed to create query for method public abstract java.util.Optional com.kdu.smartHome.dao.UserRepository.findByUsernameId(java.lang.String)! No property 'id' found for type 'String'; Traversed path: User.username
Caused by: org.springframework.data.repository.query.QueryCreationException: Could not create query for public abstract java.util.Optional com.kdu.smartHome.dao.UserRepository.findByUsernameId(java.lang.String); Reason: Failed to create query for method public abstract java.util.Optional com.kdu.smartHome.dao.UserRepository.findByUsernameId(java.lang.String)! No property 'id' found for type 'String'; Traversed path: User.username; nested exception is java.lang.IllegalArgumentException: Failed to create query for method public abstract java.util.Optional com.kdu.smartHome.dao.UserRepository.findByUsernameId(java.lang.String)! No property 'id' found for type 'String'; Traversed path: User.username
Caused by: java.lang.IllegalArgumentException: Failed to create query for method public abstract java.util.Optional com.kdu.smartHome.dao.UserRepository.findByUsernameId(java.lang.String)! No property 'id' found for type 'String'; Traversed path: User.username
Caused by: org.springframework.data.mapping.PropertyReferenceException: No property 'id' found for type 'String'; Traversed path: User.username

updateAddressForInvalidHouse  Time elapsed: 0.001 s  <<< ERROR!
java.lang.IllegalStateException: Failed to load ApplicationContext
Caused by: org.springframework.beans.factory.BeanCreationException: Error creating bean with name 'userRepository' defined in com.kdu.smartHome.dao.UserRepository defined in @EnableJpaRepositories declared on JpaRepositoriesRegistrar.EnableJpaRepositoriesConfiguration: Invocation of init method failed; nested exception is org.springframework.data.repository.query.QueryCreationException: Could not create query for public abstract java.util.Optional com.kdu.smartHome.dao.UserRepository.findByUsernameId(java.lang.String); Reason: Failed to create query for method public abstract java.util.Optional com.kdu.smartHome.dao.UserRepository.findByUsernameId(java.lang.String)! No property 'id' found for type 'String'; Traversed path: User.username; nested exception is java.lang.IllegalArgumentException: Failed to create query for method public abstract java.util.Optional com.kdu.smartHome.dao.UserRepository.findByUsernameId(java.lang.String)! No property 'id' found for type 'String'; Traversed path: User.username
Caused by: org.springframework.data.repository.query.QueryCreationException: Could not create query for public abstract java.util.Optional com.kdu.smartHome.dao.UserRepository.findByUsernameId(java.lang.String); Reason: Failed to create query for method public abstract java.util.Optional com.kdu.smartHome.dao.UserRepository.findByUsernameId(java.lang.String)! No property 'id' found for type 'String'; Traversed path: User.username; nested exception is java.lang.IllegalArgumentException: Failed to create query for method public abstract java.util.Optional com.kdu.smartHome.dao.UserRepository.findByUsernameId(java.lang.String)! No property 'id' found for type 'String'; Traversed path: User.username
Caused by: java.lang.IllegalArgumentException: Failed to create query for method public abstract java.util.Optional com.kdu.smartHome.dao.UserRepository.findByUsernameId(java.lang.String)! No property 'id' found for type 'String'; Traversed path: User.username
Caused by: org.springframework.data.mapping.PropertyReferenceException: No property 'id' found for type 'String'; Traversed path: User.username

addDeviceToInventory  Time elapsed: 0 s  <<< ERROR!
java.lang.IllegalStateException: Failed to load ApplicationContext
Caused by: org.springframework.beans.factory.BeanCreationException: Error creating bean with name 'userRepository' defined in com.kdu.smartHome.dao.UserRepository defined in @EnableJpaRepositories declared on JpaRepositoriesRegistrar.EnableJpaRepositoriesConfiguration: Invocation of init method failed; nested exception is org.springframework.data.repository.query.QueryCreationException: Could not create query for public abstract java.util.Optional com.kdu.smartHome.dao.UserRepository.findByUsernameId(java.lang.String); Reason: Failed to create query for method public abstract java.util.Optional com.kdu.smartHome.dao.UserRepository.findByUsernameId(java.lang.String)! No property 'id' found for type 'String'; Traversed path: User.username; nested exception is java.lang.IllegalArgumentException: Failed to create query for method public abstract java.util.Optional com.kdu.smartHome.dao.UserRepository.findByUsernameId(java.lang.String)! No property 'id' found for type 'String'; Traversed path: User.username
Caused by: org.springframework.data.repository.query.QueryCreationException: Could not create query for public abstract java.util.Optional com.kdu.smartHome.dao.UserRepository.findByUsernameId(java.lang.String); Reason: Failed to create query for method public abstract java.util.Optional com.kdu.smartHome.dao.UserRepository.findByUsernameId(java.lang.String)! No property 'id' found for type 'String'; Traversed path: User.username; nested exception is java.lang.IllegalArgumentException: Failed to create query for method public abstract java.util.Optional com.kdu.smartHome.dao.UserRepository.findByUsernameId(java.lang.String)! No property 'id' found for type 'String'; Traversed path: User.username
Caused by: java.lang.IllegalArgumentException: Failed to create query for method public abstract java.util.Optional com.kdu.smartHome.dao.UserRepository.findByUsernameId(java.lang.String)! No property 'id' found for type 'String'; Traversed path: User.username
Caused by: org.springframework.data.mapping.PropertyReferenceException: No property 'id' found for type 'String'; Traversed path: User.username

displayInventory  Time elapsed: 0 s  <<< ERROR!
java.lang.IllegalStateException: Failed to load ApplicationContext
Caused by: org.springframework.beans.factory.BeanCreationException: Error creating bean with name 'userRepository' defined in com.kdu.smartHome.dao.UserRepository defined in @EnableJpaRepositories declared on JpaRepositoriesRegistrar.EnableJpaRepositoriesConfiguration: Invocation of init method failed; nested exception is org.springframework.data.repository.query.QueryCreationException: Could not create query for public abstract java.util.Optional com.kdu.smartHome.dao.UserRepository.findByUsernameId(java.lang.String); Reason: Failed to create query for method public abstract java.util.Optional com.kdu.smartHome.dao.UserRepository.findByUsernameId(java.lang.String)! No property 'id' found for type 'String'; Traversed path: User.username; nested exception is java.lang.IllegalArgumentException: Failed to create query for method public abstract java.util.Optional com.kdu.smartHome.dao.UserRepository.findByUsernameId(java.lang.String)! No property 'id' found for type 'String'; Traversed path: User.username
Caused by: org.springframework.data.repository.query.QueryCreationException: Could not create query for public abstract java.util.Optional com.kdu.smartHome.dao.UserRepository.findByUsernameId(java.lang.String); Reason: Failed to create query for method public abstract java.util.Optional com.kdu.smartHome.dao.UserRepository.findByUsernameId(java.lang.String)! No property 'id' found for type 'String'; Traversed path: User.username; nested exception is java.lang.IllegalArgumentException: Failed to create query for method public abstract java.util.Optional com.kdu.smartHome.dao.UserRepository.findByUsernameId(java.lang.String)! No property 'id' found for type 'String'; Traversed path: User.username
Caused by: java.lang.IllegalArgumentException: Failed to create query for method public abstract java.util.Optional com.kdu.smartHome.dao.UserRepository.findByUsernameId(java.lang.String)! No property 'id' found for type 'String'; Traversed path: User.username
Caused by: org.springframework.data.mapping.PropertyReferenceException: No property 'id' found for type 'String'; Traversed path: User.username

registerUnavailableDevice  Time elapsed: 0 s  <<< ERROR!
java.lang.IllegalStateException: Failed to load ApplicationContext
Caused by: org.springframework.beans.factory.BeanCreationException: Error creating bean with name 'userRepository' defined in com.kdu.smartHome.dao.UserRepository defined in @EnableJpaRepositories declared on JpaRepositoriesRegistrar.EnableJpaRepositoriesConfiguration: Invocation of init method failed; nested exception is org.springframework.data.repository.query.QueryCreationException: Could not create query for public abstract java.util.Optional com.kdu.smartHome.dao.UserRepository.findByUsernameId(java.lang.String); Reason: Failed to create query for method public abstract java.util.Optional com.kdu.smartHome.dao.UserRepository.findByUsernameId(java.lang.String)! No property 'id' found for type 'String'; Traversed path: User.username; nested exception is java.lang.IllegalArgumentException: Failed to create query for method public abstract java.util.Optional com.kdu.smartHome.dao.UserRepository.findByUsernameId(java.lang.String)! No property 'id' found for type 'String'; Traversed path: User.username
Caused by: org.springframework.data.repository.query.QueryCreationException: Could not create query for public abstract java.util.Optional com.kdu.smartHome.dao.UserRepository.findByUsernameId(java.lang.String); Reason: Failed to create query for method public abstract java.util.Optional com.kdu.smartHome.dao.UserRepository.findByUsernameId(java.lang.String)! No property 'id' found for type 'String'; Traversed path: User.username; nested exception is java.lang.IllegalArgumentException: Failed to create query for method public abstract java.util.Optional com.kdu.smartHome.dao.UserRepository.findByUsernameId(java.lang.String)! No property 'id' found for type 'String'; Traversed path: User.username
Caused by: java.lang.IllegalArgumentException: Failed to create query for method public abstract java.util.Optional com.kdu.smartHome.dao.UserRepository.findByUsernameId(java.lang.String)! No property 'id' found for type 'String'; Traversed path: User.username
Caused by: org.springframework.data.mapping.PropertyReferenceException: No property 'id' found for type 'String'; Traversed path: User.username

deviceRegisterWithInvalidCredentials  Time elapsed: 0 s  <<< ERROR!
java.lang.IllegalStateException: Failed to load ApplicationContext
Caused by: org.springframework.beans.factory.BeanCreationException: Error creating bean with name 'userRepository' defined in com.kdu.smartHome.dao.UserRepository defined in @EnableJpaRepositories declared on JpaRepositoriesRegistrar.EnableJpaRepositoriesConfiguration: Invocation of init method failed; nested exception is org.springframework.data.repository.query.QueryCreationException: Could not create query for public abstract java.util.Optional com.kdu.smartHome.dao.UserRepository.findByUsernameId(java.lang.String); Reason: Failed to create query for method public abstract java.util.Optional com.kdu.smartHome.dao.UserRepository.findByUsernameId(java.lang.String)! No property 'id' found for type 'String'; Traversed path: User.username; nested exception is java.lang.IllegalArgumentException: Failed to create query for method public abstract java.util.Optional com.kdu.smartHome.dao.UserRepository.findByUsernameId(java.lang.String)! No property 'id' found for type 'String'; Traversed path: User.username
Caused by: org.springframework.data.repository.query.QueryCreationException: Could not create query for public abstract java.util.Optional com.kdu.smartHome.dao.UserRepository.findByUsernameId(java.lang.String); Reason: Failed to create query for method public abstract java.util.Optional com.kdu.smartHome.dao.UserRepository.findByUsernameId(java.lang.String)! No property 'id' found for type 'String'; Traversed path: User.username; nested exception is java.lang.IllegalArgumentException: Failed to create query for method public abstract java.util.Optional com.kdu.smartHome.dao.UserRepository.findByUsernameId(java.lang.String)! No property 'id' found for type 'String'; Traversed path: User.username
Caused by: java.lang.IllegalArgumentException: Failed to create query for method public abstract java.util.Optional com.kdu.smartHome.dao.UserRepository.findByUsernameId(java.lang.String)! No property 'id' found for type 'String'; Traversed path: User.username
Caused by: org.springframework.data.mapping.PropertyReferenceException: No property 'id' found for type 'String'; Traversed path: User.username

deviceRegisterByNonAdmin  Time elapsed: 0 s  <<< ERROR!
java.lang.IllegalStateException: Failed to load ApplicationContext
Caused by: org.springframework.beans.factory.BeanCreationException: Error creating bean with name 'userRepository' defined in com.kdu.smartHome.dao.UserRepository defined in @EnableJpaRepositories declared on JpaRepositoriesRegistrar.EnableJpaRepositoriesConfiguration: Invocation of init method failed; nested exception is org.springframework.data.repository.query.QueryCreationException: Could not create query for public abstract java.util.Optional com.kdu.smartHome.dao.UserRepository.findByUsernameId(java.lang.String); Reason: Failed to create query for method public abstract java.util.Optional com.kdu.smartHome.dao.UserRepository.findByUsernameId(java.lang.String)! No property 'id' found for type 'String'; Traversed path: User.username; nested exception is java.lang.IllegalArgumentException: Failed to create query for method public abstract java.util.Optional com.kdu.smartHome.dao.UserRepository.findByUsernameId(java.lang.String)! No property 'id' found for type 'String'; Traversed path: User.username
Caused by: org.springframework.data.repository.query.QueryCreationException: Could not create query for public abstract java.util.Optional com.kdu.smartHome.dao.UserRepository.findByUsernameId(java.lang.String); Reason: Failed to create query for method public abstract java.util.Optional com.kdu.smartHome.dao.UserRepository.findByUsernameId(java.lang.String)! No property 'id' found for type 'String'; Traversed path: User.username; nested exception is java.lang.IllegalArgumentException: Failed to create query for method public abstract java.util.Optional com.kdu.smartHome.dao.UserRepository.findByUsernameId(java.lang.String)! No property 'id' found for type 'String'; Traversed path: User.username
Caused by: java.lang.IllegalArgumentException: Failed to create query for method public abstract java.util.Optional com.kdu.smartHome.dao.UserRepository.findByUsernameId(java.lang.String)! No property 'id' found for type 'String'; Traversed path: User.username
Caused by: org.springframework.data.mapping.PropertyReferenceException: No property 'id' found for type 'String'; Traversed path: User.username

deviceRegisterWithValidRequestData  Time elapsed: 0 s  <<< ERROR!
java.lang.IllegalStateException: Failed to load ApplicationContext
Caused by: org.springframework.beans.factory.BeanCreationException: Error creating bean with name 'userRepository' defined in com.kdu.smartHome.dao.UserRepository defined in @EnableJpaRepositories declared on JpaRepositoriesRegistrar.EnableJpaRepositoriesConfiguration: Invocation of init method failed; nested exception is org.springframework.data.repository.query.QueryCreationException: Could not create query for public abstract java.util.Optional com.kdu.smartHome.dao.UserRepository.findByUsernameId(java.lang.String); Reason: Failed to create query for method public abstract java.util.Optional com.kdu.smartHome.dao.UserRepository.findByUsernameId(java.lang.String)! No property 'id' found for type 'String'; Traversed path: User.username; nested exception is java.lang.IllegalArgumentException: Failed to create query for method public abstract java.util.Optional com.kdu.smartHome.dao.UserRepository.findByUsernameId(java.lang.String)! No property 'id' found for type 'String'; Traversed path: User.username
Caused by: org.springframework.data.repository.query.QueryCreationException: Could not create query for public abstract java.util.Optional com.kdu.smartHome.dao.UserRepository.findByUsernameId(java.lang.String); Reason: Failed to create query for method public abstract java.util.Optional com.kdu.smartHome.dao.UserRepository.findByUsernameId(java.lang.String)! No property 'id' found for type 'String'; Traversed path: User.username; nested exception is java.lang.IllegalArgumentException: Failed to create query for method public abstract java.util.Optional com.kdu.smartHome.dao.UserRepository.findByUsernameId(java.lang.String)! No property 'id' found for type 'String'; Traversed path: User.username
Caused by: java.lang.IllegalArgumentException: Failed to create query for method public abstract java.util.Optional com.kdu.smartHome.dao.UserRepository.findByUsernameId(java.lang.String)! No property 'id' found for type 'String'; Traversed path: User.username
Caused by: org.springframework.data.mapping.PropertyReferenceException: No property 'id' found for type 'String'; Traversed path: User.username

addUnavailableDevice  Time elapsed: 0 s  <<< ERROR!
java.lang.IllegalStateException: Failed to load ApplicationContext
Caused by: org.springframework.beans.factory.BeanCreationException: Error creating bean with name 'userRepository' defined in com.kdu.smartHome.dao.UserRepository defined in @EnableJpaRepositories declared on JpaRepositoriesRegistrar.EnableJpaRepositoriesConfiguration: Invocation of init method failed; nested exception is org.springframework.data.repository.query.QueryCreationException: Could not create query for public abstract java.util.Optional com.kdu.smartHome.dao.UserRepository.findByUsernameId(java.lang.String); Reason: Failed to create query for method public abstract java.util.Optional com.kdu.smartHome.dao.UserRepository.findByUsernameId(java.lang.String)! No property 'id' found for type 'String'; Traversed path: User.username; nested exception is java.lang.IllegalArgumentException: Failed to create query for method public abstract java.util.Optional com.kdu.smartHome.dao.UserRepository.findByUsernameId(java.lang.String)! No property 'id' found for type 'String'; Traversed path: User.username
Caused by: org.springframework.data.repository.query.QueryCreationException: Could not create query for public abstract java.util.Optional com.kdu.smartHome.dao.UserRepository.findByUsernameId(java.lang.String); Reason: Failed to create query for method public abstract java.util.Optional com.kdu.smartHome.dao.UserRepository.findByUsernameId(java.lang.String)! No property 'id' found for type 'String'; Traversed path: User.username; nested exception is java.lang.IllegalArgumentException: Failed to create query for method public abstract java.util.Optional com.kdu.smartHome.dao.UserRepository.findByUsernameId(java.lang.String)! No property 'id' found for type 'String'; Traversed path: User.username
Caused by: java.lang.IllegalArgumentException: Failed to create query for method public abstract java.util.Optional com.kdu.smartHome.dao.UserRepository.findByUsernameId(java.lang.String)! No property 'id' found for type 'String'; Traversed path: User.username
Caused by: org.springframework.data.mapping.PropertyReferenceException: No property 'id' found for type 'String'; Traversed path: User.username

addDeviceToInvalidHouse  Time elapsed: 0 s  <<< ERROR!
java.lang.IllegalStateException: Failed to load ApplicationContext
Caused by: org.springframework.beans.factory.BeanCreationException: Error creating bean with name 'userRepository' defined in com.kdu.smartHome.dao.UserRepository defined in @EnableJpaRepositories declared on JpaRepositoriesRegistrar.EnableJpaRepositoriesConfiguration: Invocation of init method failed; nested exception is org.springframework.data.repository.query.QueryCreationException: Could not create query for public abstract java.util.Optional com.kdu.smartHome.dao.UserRepository.findByUsernameId(java.lang.String); Reason: Failed to create query for method public abstract java.util.Optional com.kdu.smartHome.dao.UserRepository.findByUsernameId(java.lang.String)! No property 'id' found for type 'String'; Traversed path: User.username; nested exception is java.lang.IllegalArgumentException: Failed to create query for method public abstract java.util.Optional com.kdu.smartHome.dao.UserRepository.findByUsernameId(java.lang.String)! No property 'id' found for type 'String'; Traversed path: User.username
Caused by: org.springframework.data.repository.query.QueryCreationException: Could not create query for public abstract java.util.Optional com.kdu.smartHome.dao.UserRepository.findByUsernameId(java.lang.String); Reason: Failed to create query for method public abstract java.util.Optional com.kdu.smartHome.dao.UserRepository.findByUsernameId(java.lang.String)! No property 'id' found for type 'String'; Traversed path: User.username; nested exception is java.lang.IllegalArgumentException: Failed to create query for method public abstract java.util.Optional com.kdu.smartHome.dao.UserRepository.findByUsernameId(java.lang.String)! No property 'id' found for type 'String'; Traversed path: User.username
Caused by: java.lang.IllegalArgumentException: Failed to create query for method public abstract java.util.Optional com.kdu.smartHome.dao.UserRepository.findByUsernameId(java.lang.String)! No property 'id' found for type 'String'; Traversed path: User.username
Caused by: org.springframework.data.mapping.PropertyReferenceException: No property 'id' found for type 'String'; Traversed path: User.username

addDeviceToInvalidRoom  Time elapsed: 0 s  <<< ERROR!
java.lang.IllegalStateException: Failed to load ApplicationContext
Caused by: org.springframework.beans.factory.BeanCreationException: Error creating bean with name 'userRepository' defined in com.kdu.smartHome.dao.UserRepository defined in @EnableJpaRepositories declared on JpaRepositoriesRegistrar.EnableJpaRepositoriesConfiguration: Invocation of init method failed; nested exception is org.springframework.data.repository.query.QueryCreationException: Could not create query for public abstract java.util.Optional com.kdu.smartHome.dao.UserRepository.findByUsernameId(java.lang.String); Reason: Failed to create query for method public abstract java.util.Optional com.kdu.smartHome.dao.UserRepository.findByUsernameId(java.lang.String)! No property 'id' found for type 'String'; Traversed path: User.username; nested exception is java.lang.IllegalArgumentException: Failed to create query for method public abstract java.util.Optional com.kdu.smartHome.dao.UserRepository.findByUsernameId(java.lang.String)! No property 'id' found for type 'String'; Traversed path: User.username
Caused by: org.springframework.data.repository.query.QueryCreationException: Could not create query for public abstract java.util.Optional com.kdu.smartHome.dao.UserRepository.findByUsernameId(java.lang.String); Reason: Failed to create query for method public abstract java.util.Optional com.kdu.smartHome.dao.UserRepository.findByUsernameId(java.lang.String)! No property 'id' found for type 'String'; Traversed path: User.username; nested exception is java.lang.IllegalArgumentException: Failed to create query for method public abstract java.util.Optional com.kdu.smartHome.dao.UserRepository.findByUsernameId(java.lang.String)! No property 'id' found for type 'String'; Traversed path: User.username
Caused by: java.lang.IllegalArgumentException: Failed to create query for method public abstract java.util.Optional com.kdu.smartHome.dao.UserRepository.findByUsernameId(java.lang.String)! No property 'id' found for type 'String'; Traversed path: User.username
Caused by: org.springframework.data.mapping.PropertyReferenceException: No property 'id' found for type 'String'; Traversed path: User.username

addUnregisteredDevice  Time elapsed: 0 s  <<< ERROR!
java.lang.IllegalStateException: Failed to load ApplicationContext
Caused by: org.springframework.beans.factory.BeanCreationException: Error creating bean with name 'userRepository' defined in com.kdu.smartHome.dao.UserRepository defined in @EnableJpaRepositories declared on JpaRepositoriesRegistrar.EnableJpaRepositoriesConfiguration: Invocation of init method failed; nested exception is org.springframework.data.repository.query.QueryCreationException: Could not create query for public abstract java.util.Optional com.kdu.smartHome.dao.UserRepository.findByUsernameId(java.lang.String); Reason: Failed to create query for method public abstract java.util.Optional com.kdu.smartHome.dao.UserRepository.findByUsernameId(java.lang.String)! No property 'id' found for type 'String'; Traversed path: User.username; nested exception is java.lang.IllegalArgumentException: Failed to create query for method public abstract java.util.Optional com.kdu.smartHome.dao.UserRepository.findByUsernameId(java.lang.String)! No property 'id' found for type 'String'; Traversed path: User.username
Caused by: org.springframework.data.repository.query.QueryCreationException: Could not create query for public abstract java.util.Optional com.kdu.smartHome.dao.UserRepository.findByUsernameId(java.lang.String); Reason: Failed to create query for method public abstract java.util.Optional com.kdu.smartHome.dao.UserRepository.findByUsernameId(java.lang.String)! No property 'id' found for type 'String'; Traversed path: User.username; nested exception is java.lang.IllegalArgumentException: Failed to create query for method public abstract java.util.Optional com.kdu.smartHome.dao.UserRepository.findByUsernameId(java.lang.String)! No property 'id' found for type 'String'; Traversed path: User.username
Caused by: java.lang.IllegalArgumentException: Failed to create query for method public abstract java.util.Optional com.kdu.smartHome.dao.UserRepository.findByUsernameId(java.lang.String)! No property 'id' found for type 'String'; Traversed path: User.username
Caused by: org.springframework.data.mapping.PropertyReferenceException: No property 'id' found for type 'String'; Traversed path: User.username

addDeviceWithValidRequestData  Time elapsed: 0 s  <<< ERROR!
java.lang.IllegalStateException: Failed to load ApplicationContext
Caused by: org.springframework.beans.factory.BeanCreationException: Error creating bean with name 'userRepository' defined in com.kdu.smartHome.dao.UserRepository defined in @EnableJpaRepositories declared on JpaRepositoriesRegistrar.EnableJpaRepositoriesConfiguration: Invocation of init method failed; nested exception is org.springframework.data.repository.query.QueryCreationException: Could not create query for public abstract java.util.Optional com.kdu.smartHome.dao.UserRepository.findByUsernameId(java.lang.String); Reason: Failed to create query for method public abstract java.util.Optional com.kdu.smartHome.dao.UserRepository.findByUsernameId(java.lang.String)! No property 'id' found for type 'String'; Traversed path: User.username; nested exception is java.lang.IllegalArgumentException: Failed to create query for method public abstract java.util.Optional com.kdu.smartHome.dao.UserRepository.findByUsernameId(java.lang.String)! No property 'id' found for type 'String'; Traversed path: User.username
Caused by: org.springframework.data.repository.query.QueryCreationException: Could not create query for public abstract java.util.Optional com.kdu.smartHome.dao.UserRepository.findByUsernameId(java.lang.String); Reason: Failed to create query for method public abstract java.util.Optional com.kdu.smartHome.dao.UserRepository.findByUsernameId(java.lang.String)! No property 'id' found for type 'String'; Traversed path: User.username; nested exception is java.lang.IllegalArgumentException: Failed to create query for method public abstract java.util.Optional com.kdu.smartHome.dao.UserRepository.findByUsernameId(java.lang.String)! No property 'id' found for type 'String'; Traversed path: User.username
Caused by: java.lang.IllegalArgumentException: Failed to create query for method public abstract java.util.Optional com.kdu.smartHome.dao.UserRepository.findByUsernameId(java.lang.String)! No property 'id' found for type 'String'; Traversed path: User.username
Caused by: org.springframework.data.mapping.PropertyReferenceException: No property 'id' found for type 'String'; Traversed path: User.username

listRoomsAndDevices  Time elapsed: 0 s  <<< ERROR!
java.lang.IllegalStateException: Failed to load ApplicationContext
Caused by: org.springframework.beans.factory.BeanCreationException: Error creating bean with name 'userRepository' defined in com.kdu.smartHome.dao.UserRepository defined in @EnableJpaRepositories declared on JpaRepositoriesRegistrar.EnableJpaRepositoriesConfiguration: Invocation of init method failed; nested exception is org.springframework.data.repository.query.QueryCreationException: Could not create query for public abstract java.util.Optional com.kdu.smartHome.dao.UserRepository.findByUsernameId(java.lang.String); Reason: Failed to create query for method public abstract java.util.Optional com.kdu.smartHome.dao.UserRepository.findByUsernameId(java.lang.String)! No property 'id' found for type 'String'; Traversed path: User.username; nested exception is java.lang.IllegalArgumentException: Failed to create query for method public abstract java.util.Optional com.kdu.smartHome.dao.UserRepository.findByUsernameId(java.lang.String)! No property 'id' found for type 'String'; Traversed path: User.username
Caused by: org.springframework.data.repository.query.QueryCreationException: Could not create query for public abstract java.util.Optional com.kdu.smartHome.dao.UserRepository.findByUsernameId(java.lang.String); Reason: Failed to create query for method public abstract java.util.Optional com.kdu.smartHome.dao.UserRepository.findByUsernameId(java.lang.String)! No property 'id' found for type 'String'; Traversed path: User.username; nested exception is java.lang.IllegalArgumentException: Failed to create query for method public abstract java.util.Optional com.kdu.smartHome.dao.UserRepository.findByUsernameId(java.lang.String)! No property 'id' found for type 'String'; Traversed path: User.username
Caused by: java.lang.IllegalArgumentException: Failed to create query for method public abstract java.util.Optional com.kdu.smartHome.dao.UserRepository.findByUsernameId(java.lang.String)! No property 'id' found for type 'String'; Traversed path: User.username
Caused by: org.springframework.data.mapping.PropertyReferenceException: No property 'id' found for type 'String'; Traversed path: User.username

